<?xml version="1.0" encoding="utf-8"?><testsuites name="pytest tests"><testsuite name="pytest" errors="0" failures="1" skipped="0" tests="23" time="1.150" timestamp="2026-01-25T23:00:44.263219+00:00" hostname="agent-env-d55d98ff-0575-45f3-a402-3159a5dcadab"><testcase classname="backend.tests.test_callclub_api.TestHealthCheck" name="test_health_endpoint" time="0.076"><failure message="requests.exceptions.JSONDecodeError: Expecting value: line 1 column 1 (char 0)">/root/.venv/lib/python3.11/site-packages/requests/models.py:976: in json
    return complexjson.loads(self.text, **kwargs)
           ^^^^^^^^^^^^^^^^^^^^^^^^^^^^^^^^^^^^^^
/usr/local/lib/python3.11/json/__init__.py:346: in loads
    return _default_decoder.decode(s)
           ^^^^^^^^^^^^^^^^^^^^^^^^^^
/usr/local/lib/python3.11/json/decoder.py:337: in decode
    obj, end = self.raw_decode(s, idx=_w(s, 0).end())
               ^^^^^^^^^^^^^^^^^^^^^^^^^^^^^^^^^^^^^^
/usr/local/lib/python3.11/json/decoder.py:355: in raw_decode
    raise JSONDecodeError("Expecting value", s, err.value) from None
E   json.decoder.JSONDecodeError: Expecting value: line 1 column 1 (char 0)

During handling of the above exception, another exception occurred:
backend/tests/test_callclub_api.py:18: in test_health_endpoint
    data = response.json()
           ^^^^^^^^^^^^^^^
/root/.venv/lib/python3.11/site-packages/requests/models.py:980: in json
    raise RequestsJSONDecodeError(e.msg, e.doc, e.pos)
E   requests.exceptions.JSONDecodeError: Expecting value: line 1 column 1 (char 0)</failure></testcase><testcase classname="backend.tests.test_callclub_api.TestAuthentication" name="test_login_mario_success" time="0.042" /><testcase classname="backend.tests.test_callclub_api.TestAuthentication" name="test_login_marcos_success" time="0.038" /><testcase classname="backend.tests.test_callclub_api.TestAuthentication" name="test_login_wrong_pin" time="0.044" /><testcase classname="backend.tests.test_callclub_api.TestAuthentication" name="test_login_unauthorized_user" time="0.041" /><testcase classname="backend.tests.test_callclub_api.TestUserProfile" name="test_get_user_profile_mario" time="0.047" /><testcase classname="backend.tests.test_callclub_api.TestUserProfile" name="test_get_user_profile_not_found" time="0.036" /><testcase classname="backend.tests.test_callclub_api.TestUserProfile" name="test_get_user_accessible_championships" time="0.078" /><testcase classname="backend.tests.test_callclub_api.TestChampionships" name="test_get_all_championships" time="0.036" /><testcase classname="backend.tests.test_callclub_api.TestChampionships" name="test_get_championship_brasileirao" time="0.038" /><testcase classname="backend.tests.test_callclub_api.TestChampionships" name="test_get_championship_not_found" time="0.034" /><testcase classname="backend.tests.test_callclub_api.TestRankings" name="test_get_detailed_ranking_brasileirao" time="0.042" /><testcase classname="backend.tests.test_callclub_api.TestRankings" name="test_get_round_ranking" time="0.042" /><testcase classname="backend.tests.test_callclub_api.TestMatches" name="test_get_matches_round_1" time="0.035" /><testcase classname="backend.tests.test_callclub_api.TestMatches" name="test_get_current_round" time="0.037" /><testcase classname="backend.tests.test_callclub_api.TestMatches" name="test_get_all_rounds" time="0.041" /><testcase classname="backend.tests.test_callclub_api.TestPredictions" name="test_get_user_predictions" time="0.034" /><testcase classname="backend.tests.test_callclub_api.TestAdminEndpoints" name="test_admin_login_success" time="0.035" /><testcase classname="backend.tests.test_callclub_api.TestAdminEndpoints" name="test_admin_login_wrong_password" time="0.033" /><testcase classname="backend.tests.test_callclub_api.TestAdminEndpoints" name="test_admin_get_users" time="0.040" /><testcase classname="backend.tests.test_callclub_api.TestAdminEndpoints" name="test_admin_get_stats" time="0.042" /><testcase classname="backend.tests.test_callclub_api.TestAdminEndpoints" name="test_admin_get_championships" time="0.034" /><testcase classname="backend.tests.test_callclub_api.TestCountries" name="test_get_countries" time="0.035" /></testsuite></testsuites>