<?xml version="1.0" encoding="utf-8"?><testsuites name="pytest tests"><testsuite name="pytest" errors="0" failures="0" skipped="0" tests="14" time="0.849" timestamp="2026-01-26T19:48:57.914052+00:00" hostname="agent-env-e0499db0-6645-43dd-abd1-2a5ddbafe6d2"><testcase classname="backend.tests.test_domain_rules.TestOfficialChampionshipsEndpoint" name="test_official_championships_returns_only_official" time="0.108" /><testcase classname="backend.tests.test_domain_rules.TestOfficialChampionshipsEndpoint" name="test_official_championships_has_year_in_name" time="0.038" /><testcase classname="backend.tests.test_domain_rules.TestOfficialChampionshipsEndpoint" name="test_official_championships_for_premium_user" time="0.040" /><testcase classname="backend.tests.test_domain_rules.TestAccessibleChampionshipsEndpoint" name="test_accessible_championships_includes_leagues" time="0.041" /><testcase classname="backend.tests.test_domain_rules.TestAccessibleChampionshipsEndpoint" name="test_accessible_championships_has_league_names" time="0.080" /><testcase classname="backend.tests.test_domain_rules.TestAccessibleChampionshipsEndpoint" name="test_accessible_championships_for_marcos" time="0.040" /><testcase classname="backend.tests.test_domain_rules.TestChampionshipsHaveYear" name="test_all_championships_have_year" time="0.077" /><testcase classname="backend.tests.test_domain_rules.TestChampionshipsHaveYear" name="test_championships_are_official" time="0.037" /><testcase classname="backend.tests.test_domain_rules.TestLeaguesPointToBrasileirao" name="test_liga_dos_crias_points_to_brasileirao" time="0.038" /><testcase classname="backend.tests.test_domain_rules.TestLeaguesPointToBrasileirao" name="test_os_boleiros_points_to_brasileirao" time="0.041" /><testcase classname="backend.tests.test_domain_rules.TestPredictionsWork" name="test_get_predictions_for_brasileirao" time="0.039" /><testcase classname="backend.tests.test_domain_rules.TestPredictionsWork" name="test_get_matches_for_brasileirao" time="0.036" /><testcase classname="backend.tests.test_domain_rules.TestRankingEndpoints" name="test_detailed_ranking_for_brasileirao" time="0.040" /><testcase classname="backend.tests.test_domain_rules.TestRankingEndpoints" name="test_league_ranking" time="0.078" /></testsuite></testsuites>