<?xml version="1.0" encoding="utf-8"?><testsuites name="pytest tests"><testsuite name="pytest" errors="0" failures="0" skipped="0" tests="10" time="0.519" timestamp="2026-01-26T03:35:27.143615+00:00" hostname="agent-env-e0499db0-6645-43dd-abd1-2a5ddbafe6d2"><testcase classname="test_v112_features.TestSerieAMatches" name="test_serie_a_matches_round_1" time="0.057" /><testcase classname="test_v112_features.TestSerieAMatches" name="test_serie_a_matches_round_2" time="0.044" /><testcase classname="test_v112_features.TestSerieAMatches" name="test_serie_a_rounds" time="0.039" /><testcase classname="test_v112_features.TestOsBoleirosLeague" name="test_os_boleiros_ranking" time="0.041" /><testcase classname="test_v112_features.TestOsBoleirosLeague" name="test_os_boleiros_has_predictions" time="0.079" /><testcase classname="test_v112_features.TestAccessibleChampionships" name="test_mario_accessible_championships" time="0.034" /><testcase classname="test_v112_features.TestAccessibleChampionships" name="test_marcos_accessible_championships" time="0.041" /><testcase classname="test_v112_features.TestWhatsAppShareURL" name="test_league_has_invite_code" time="0.038" /><testcase classname="test_v112_features.TestWhatsAppShareURL" name="test_liga_dos_crias_invite_code" time="0.037" /><testcase classname="test_v112_features.TestWhatsAppShareURL" name="test_os_boleiros_invite_code" time="0.040" /></testsuite></testsuites>