<?xml version="1.0" encoding="utf-8"?><testsuites name="pytest tests"><testsuite name="pytest" errors="0" failures="0" skipped="0" tests="12" time="0.630" timestamp="2026-01-26T01:27:12.773821+00:00" hostname="agent-env-e0499db0-6645-43dd-abd1-2a5ddbafe6d2"><testcase classname="backend.tests.test_leagues_api.TestLeaguesAPI" name="test_get_user_leagues_mario" time="0.055" /><testcase classname="backend.tests.test_leagues_api.TestLeaguesAPI" name="test_get_user_leagues_marcos" time="0.077" /><testcase classname="backend.tests.test_leagues_api.TestLeaguesAPI" name="test_get_league_details" time="0.077" /><testcase classname="backend.tests.test_leagues_api.TestLeaguesAPI" name="test_get_league_not_found" time="0.034" /><testcase classname="backend.tests.test_leagues_api.TestLeaguesAPI" name="test_create_league_limit_reached" time="0.037" /><testcase classname="backend.tests.test_leagues_api.TestLeaguesAPI" name="test_join_league_invalid_code" time="0.037" /><testcase classname="backend.tests.test_leagues_api.TestLeaguesAPI" name="test_join_league_already_member" time="0.034" /><testcase classname="backend.tests.test_leagues_api.TestLeaguesAPI" name="test_join_league_success" time="0.035" /><testcase classname="backend.tests.test_leagues_api.TestUserProfile" name="test_user_profile_includes_leagues" time="0.043" /><testcase classname="backend.tests.test_leagues_api.TestUserProfile" name="test_user_accessible_championships" time="0.036" /><testcase classname="backend.tests.test_leagues_api.TestLeagueRanking" name="test_league_ranking" time="0.074" /><testcase classname="backend.tests.test_leagues_api.TestPlanLimits" name="test_premium_status" time="0.034" /></testsuite></testsuites>