<?xml version="1.0" encoding="utf-8"?><testsuites name="pytest tests"><testsuite name="pytest" errors="0" failures="0" skipped="1" tests="23" time="0.972" timestamp="2026-01-25T23:03:44.988919+00:00" hostname="agent-env-d55d98ff-0575-45f3-a402-3159a5dcadab"><testcase classname="backend.tests.test_callclub_api.TestHealthCheck" name="test_health_endpoint" time="0.000"><skipped type="pytest.skip" message="Health endpoint not exposed through public URL">/app/backend/tests/test_callclub_api.py:18: Health endpoint not exposed through public URL</skipped></testcase><testcase classname="backend.tests.test_callclub_api.TestAuthentication" name="test_login_mario_success" time="0.076" /><testcase classname="backend.tests.test_callclub_api.TestAuthentication" name="test_login_marcos_success" time="0.037" /><testcase classname="backend.tests.test_callclub_api.TestAuthentication" name="test_login_wrong_pin" time="0.039" /><testcase classname="backend.tests.test_callclub_api.TestAuthentication" name="test_login_unauthorized_user" time="0.036" /><testcase classname="backend.tests.test_callclub_api.TestUserProfile" name="test_get_user_profile_mario" time="0.041" /><testcase classname="backend.tests.test_callclub_api.TestUserProfile" name="test_get_user_profile_not_found" time="0.042" /><testcase classname="backend.tests.test_callclub_api.TestUserProfile" name="test_get_user_accessible_championships" time="0.043" /><testcase classname="backend.tests.test_callclub_api.TestChampionships" name="test_get_all_championships" time="0.037" /><testcase classname="backend.tests.test_callclub_api.TestChampionships" name="test_get_championship_brasileirao" time="0.035" /><testcase classname="backend.tests.test_callclub_api.TestChampionships" name="test_get_championship_not_found" time="0.041" /><testcase classname="backend.tests.test_callclub_api.TestRankings" name="test_get_detailed_ranking_brasileirao" time="0.039" /><testcase classname="backend.tests.test_callclub_api.TestRankings" name="test_get_round_ranking" time="0.040" /><testcase classname="backend.tests.test_callclub_api.TestMatches" name="test_get_matches_round_1" time="0.037" /><testcase classname="backend.tests.test_callclub_api.TestMatches" name="test_get_current_round" time="0.040" /><testcase classname="backend.tests.test_callclub_api.TestMatches" name="test_get_all_rounds" time="0.039" /><testcase classname="backend.tests.test_callclub_api.TestPredictions" name="test_get_user_predictions" time="0.038" /><testcase classname="backend.tests.test_callclub_api.TestAdminEndpoints" name="test_admin_login_success" time="0.033" /><testcase classname="backend.tests.test_callclub_api.TestAdminEndpoints" name="test_admin_login_wrong_password" time="0.041" /><testcase classname="backend.tests.test_callclub_api.TestAdminEndpoints" name="test_admin_get_users" time="0.033" /><testcase classname="backend.tests.test_callclub_api.TestAdminEndpoints" name="test_admin_get_stats" time="0.041" /><testcase classname="backend.tests.test_callclub_api.TestAdminEndpoints" name="test_admin_get_championships" time="0.035" /><testcase classname="backend.tests.test_callclub_api.TestCountries" name="test_get_countries" time="0.032" /></testsuite></testsuites>